0 info it worked if it ends with ok
1 verbose cli [ '/usr/local/bin/node',
1 verbose cli   '/usr/local/bin/npm',
1 verbose cli   'install',
1 verbose cli   '-g',
1 verbose cli   'babel-node-debug' ]
2 info using npm@2.14.12
3 info using node@v4.3.0
4 verbose install initial load of /usr/local/lib/package.json
5 verbose readDependencies loading dependencies from /usr/local/lib/package.json
6 silly cache add args [ 'babel-node-debug', null ]
7 verbose cache add spec babel-node-debug
8 silly cache add parsed spec Result {
8 silly cache add   raw: 'babel-node-debug',
8 silly cache add   scope: null,
8 silly cache add   name: 'babel-node-debug',
8 silly cache add   rawSpec: '',
8 silly cache add   spec: 'latest',
8 silly cache add   type: 'tag' }
9 silly addNamed babel-node-debug@latest
10 verbose addNamed "latest" is being treated as a dist-tag for babel-node-debug
11 info addNameTag [ 'babel-node-debug', 'latest' ]
12 silly mapToRegistry name babel-node-debug
13 silly mapToRegistry using default registry
14 silly mapToRegistry registry https://registry.npmjs.org/
15 silly mapToRegistry uri https://registry.npmjs.org/babel-node-debug
16 verbose addNameTag registry:https://registry.npmjs.org/babel-node-debug not in flight; fetching
17 verbose request uri https://registry.npmjs.org/babel-node-debug
18 verbose request no auth needed
19 info attempt registry request try #1 at 8:27:48 PM
20 verbose request id 6ada36f3d6a8f751
21 http request GET https://registry.npmjs.org/babel-node-debug
22 http 200 https://registry.npmjs.org/babel-node-debug
23 verbose headers { server: 'CouchDB/1.5.0 (Erlang OTP/R16B03)',
23 verbose headers   etag: '"8YMCXC9JOM8HLNXH8AY6THSEW"',
23 verbose headers   'content-type': 'application/json',
23 verbose headers   'cache-control': 'max-age=300',
23 verbose headers   'content-length': '10750',
23 verbose headers   'accept-ranges': 'bytes',
23 verbose headers   date: 'Thu, 18 Feb 2016 04:27:49 GMT',
23 verbose headers   via: '1.1 varnish',
23 verbose headers   age: '0',
23 verbose headers   connection: 'keep-alive',
23 verbose headers   'x-served-by': 'cache-lax1430-LAX',
23 verbose headers   'x-cache': 'MISS',
23 verbose headers   'x-cache-hits': '0',
23 verbose headers   'x-timer': 'S1455769669.037330,VS0,VE94',
23 verbose headers   vary: 'Accept' }
24 silly get cb [ 200,
24 silly get   { server: 'CouchDB/1.5.0 (Erlang OTP/R16B03)',
24 silly get     etag: '"8YMCXC9JOM8HLNXH8AY6THSEW"',
24 silly get     'content-type': 'application/json',
24 silly get     'cache-control': 'max-age=300',
24 silly get     'content-length': '10750',
24 silly get     'accept-ranges': 'bytes',
24 silly get     date: 'Thu, 18 Feb 2016 04:27:49 GMT',
24 silly get     via: '1.1 varnish',
24 silly get     age: '0',
24 silly get     connection: 'keep-alive',
24 silly get     'x-served-by': 'cache-lax1430-LAX',
24 silly get     'x-cache': 'MISS',
24 silly get     'x-cache-hits': '0',
24 silly get     'x-timer': 'S1455769669.037330,VS0,VE94',
24 silly get     vary: 'Accept' } ]
25 verbose get saving babel-node-debug to /Users/Rizwan/.npm/registry.npmjs.org/babel-node-debug/.cache.json
26 silly addNameTag next cb for babel-node-debug with tag latest
27 silly addNamed babel-node-debug@2.0.0
28 verbose addNamed "2.0.0" is a plain semver version for babel-node-debug
29 silly mapToRegistry name babel-node-debug
30 silly mapToRegistry using default registry
31 silly mapToRegistry registry https://registry.npmjs.org/
32 silly mapToRegistry uri https://registry.npmjs.org/babel-node-debug
33 verbose addRemoteTarball https://registry.npmjs.org/babel-node-debug/-/babel-node-debug-2.0.0.tgz not in flight; adding
34 verbose addRemoteTarball [ 'https://registry.npmjs.org/babel-node-debug/-/babel-node-debug-2.0.0.tgz',
34 verbose addRemoteTarball   '984dbd19ea01b78b61a3809a1b521af16fe7e36d' ]
35 info retry fetch attempt 1 at 8:27:49 PM
36 info attempt registry request try #1 at 8:27:49 PM
37 http fetch GET https://registry.npmjs.org/babel-node-debug/-/babel-node-debug-2.0.0.tgz
38 http fetch 200 https://registry.npmjs.org/babel-node-debug/-/babel-node-debug-2.0.0.tgz
39 silly fetchAndShaCheck shasum 984dbd19ea01b78b61a3809a1b521af16fe7e36d
40 verbose addTmpTarball /var/folders/dq/n99p_zqn69zg9zlr1ndpsfrm0000gn/T/npm-41019-9325aa67/registry.npmjs.org/babel-node-debug/-/babel-node-debug-2.0.0.tgz not in flight; adding
41 verbose addTmpTarball already have metadata; skipping unpack for babel-node-debug@2.0.0
42 silly cache afterAdd babel-node-debug@2.0.0
43 verbose afterAdd /Users/Rizwan/.npm/babel-node-debug/2.0.0/package/package.json not in flight; writing
44 verbose afterAdd /Users/Rizwan/.npm/babel-node-debug/2.0.0/package/package.json written
45 silly install resolved [ { name: 'babel-node-debug',
45 silly install resolved     version: '2.0.0',
45 silly install resolved     description: 'node-debug but with babel-node',
45 silly install resolved     main: 'index.js',
45 silly install resolved     scripts: { test: 'echo "Error: no test specified" && exit 1' },
45 silly install resolved     author: { name: 'Adam Crabtree', email: 'dude@noderiety.com' },
45 silly install resolved     license: 'MIT',
45 silly install resolved     repository:
45 silly install resolved      { type: 'git',
45 silly install resolved        url: 'git+https://github.com/crabdude/babel-node-debug.git' },
45 silly install resolved     dependencies:
45 silly install resolved      { 'babel-cli': '^6.4.5',
45 silly install resolved        bluebird: '^3.2.1',
45 silly install resolved        'node-inspector': '^0.12.3',
45 silly install resolved        yadc: '0.0.1' },
45 silly install resolved     bin:
45 silly install resolved      { 'bode-debug': './bin/bode-debug.js',
45 silly install resolved        'babel-node-debug': './bin/bode-debug.js' },
45 silly install resolved     bugs: { url: 'https://github.com/crabdude/babel-node-debug/issues' },
45 silly install resolved     gitHead: '36cbc72f8d6081d32b5890027113dd9bf15bd2ca',
45 silly install resolved     homepage: 'https://github.com/crabdude/babel-node-debug#readme',
45 silly install resolved     _id: 'babel-node-debug@2.0.0',
45 silly install resolved     _shasum: '984dbd19ea01b78b61a3809a1b521af16fe7e36d',
45 silly install resolved     _from: 'babel-node-debug@latest',
45 silly install resolved     _npmVersion: '2.14.12',
45 silly install resolved     _nodeVersion: '4.2.6',
45 silly install resolved     _npmUser: { name: 'crabdude', email: 'dude@noderiety.com' },
45 silly install resolved     maintainers: [ [Object] ],
45 silly install resolved     dist:
45 silly install resolved      { shasum: '984dbd19ea01b78b61a3809a1b521af16fe7e36d',
45 silly install resolved        tarball: 'http://registry.npmjs.org/babel-node-debug/-/babel-node-debug-2.0.0.tgz' },
45 silly install resolved     _npmOperationalInternal:
45 silly install resolved      { host: 'packages-9-west.internal.npmjs.com',
45 silly install resolved        tmp: 'tmp/babel-node-debug-2.0.0.tgz_1454641043050_0.6433591390959918' },
45 silly install resolved     directories: {},
45 silly install resolved     _resolved: 'https://registry.npmjs.org/babel-node-debug/-/babel-node-debug-2.0.0.tgz' } ]
46 info install babel-node-debug@2.0.0 into /usr/local/lib
47 info installOne babel-node-debug@2.0.0
48 verbose installOne of babel-node-debug to /usr/local/lib not in flight; installing
49 verbose lock using /Users/Rizwan/.npm/_locks/babel-node-debug-b6ab346243615c1e.lock for /usr/local/lib/node_modules/babel-node-debug
50 silly install write writing babel-node-debug 2.0.0 to /usr/local/lib/node_modules/babel-node-debug
51 verbose unbuild lib/node_modules/babel-node-debug
52 silly gentlyRm /usr/local/lib/node_modules/babel-node-debug is being purged from base /usr/local
53 verbose gentlyRm don't care about contents; nuking /usr/local/lib/node_modules/babel-node-debug
54 verbose tar unpack /Users/Rizwan/.npm/babel-node-debug/2.0.0/package.tgz
55 verbose tar unpacking to /usr/local/lib/node_modules/babel-node-debug
56 silly gentlyRm /usr/local/lib/node_modules/babel-node-debug is being purged
57 verbose gentlyRm don't care about contents; nuking /usr/local/lib/node_modules/babel-node-debug
58 silly gunzTarPerm modes [ '755', '644' ]
59 error tar.unpack untar error /Users/Rizwan/.npm/babel-node-debug/2.0.0/package.tgz
60 verbose unlock done using /Users/Rizwan/.npm/_locks/babel-node-debug-b6ab346243615c1e.lock for /usr/local/lib/node_modules/babel-node-debug
61 verbose fstream_path /usr/local/lib/node_modules/babel-node-debug
62 verbose fstream_type Directory
63 verbose fstream_class DirWriter
64 verbose stack Error: EACCES: permission denied, mkdir '/usr/local/lib/node_modules/babel-node-debug'
64 verbose stack     at Error (native)
65 verbose fstream_stack /usr/local/lib/node_modules/npm/node_modules/fstream/lib/dir-writer.js:35:25
65 verbose fstream_stack /usr/local/lib/node_modules/npm/node_modules/mkdirp/index.js:47:53
65 verbose fstream_stack FSReqWrap.oncomplete (fs.js:82:15)
66 verbose cwd /Users/Rizwan/management-portal/app/components/layout
67 error Darwin 14.5.0
68 error argv "/usr/local/bin/node" "/usr/local/bin/npm" "install" "-g" "babel-node-debug"
69 error node v4.3.0
70 error npm  v2.14.12
71 error path /usr/local/lib/node_modules/babel-node-debug
72 error code EACCES
73 error errno -13
74 error syscall mkdir
75 error Error: EACCES: permission denied, mkdir '/usr/local/lib/node_modules/babel-node-debug'
75 error     at Error (native)
75 error  { [Error: EACCES: permission denied, mkdir '/usr/local/lib/node_modules/babel-node-debug']
75 error   errno: -13,
75 error   code: 'EACCES',
75 error   syscall: 'mkdir',
75 error   path: '/usr/local/lib/node_modules/babel-node-debug',
75 error   fstream_type: 'Directory',
75 error   fstream_path: '/usr/local/lib/node_modules/babel-node-debug',
75 error   fstream_class: 'DirWriter',
75 error   fstream_stack:
75 error    [ '/usr/local/lib/node_modules/npm/node_modules/fstream/lib/dir-writer.js:35:25',
75 error      '/usr/local/lib/node_modules/npm/node_modules/mkdirp/index.js:47:53',
75 error      'FSReqWrap.oncomplete (fs.js:82:15)' ] }
76 error Please try running this command again as root/Administrator.
77 verbose exit [ -13, true ]
78 verbose unbuild lib/node_modules/babel-node-debug
79 silly gentlyRm /usr/local/lib/node_modules/babel-node-debug is being purged from base /usr/local
80 verbose gentlyRm don't care about contents; nuking /usr/local/lib/node_modules/babel-node-debug
